  template.cpp
C:\Perforce\Ayser245626\Year1\BlockC\Ray-Tracer\template\common.h(29,2): warning C4309: 'initializing': truncation of constant value
  (compiling source file '../template/template.cpp')
  
C:\Perforce\Ayser245626\Year1\BlockC\Ray-Tracer\template\common.h(29,2): warning C4369: 'CONTROLS_LOOK_RIGHT':  enumerator value '262' cannot be represented as 'unsigned char', value is '262'
  (compiling source file '../template/template.cpp')
  
C:\Perforce\Ayser245626\Year1\BlockC\Ray-Tracer\template\common.h(30,2): warning C4309: 'initializing': truncation of constant value
  (compiling source file '../template/template.cpp')
  
C:\Perforce\Ayser245626\Year1\BlockC\Ray-Tracer\template\common.h(30,2): warning C4369: 'CONTROLS_LOOK_UP':  enumerator value '265' cannot be represented as 'unsigned char', value is '265'
  (compiling source file '../template/template.cpp')
  
C:\Perforce\Ayser245626\Year1\BlockC\Ray-Tracer\template\common.h(31,2): warning C4309: 'initializing': truncation of constant value
  (compiling source file '../template/template.cpp')
  
C:\Perforce\Ayser245626\Year1\BlockC\Ray-Tracer\template\common.h(31,2): warning C4369: 'CONTROLS_LOOK_LEFT':  enumerator value '263' cannot be represented as 'unsigned char', value is '263'
  (compiling source file '../template/template.cpp')
  
C:\Perforce\Ayser245626\Year1\BlockC\Ray-Tracer\template\common.h(32,2): warning C4309: 'initializing': truncation of constant value
  (compiling source file '../template/template.cpp')
  
C:\Perforce\Ayser245626\Year1\BlockC\Ray-Tracer\template\common.h(32,2): warning C4369: 'CONTROLS_LOOK_DOWN':  enumerator value '264' cannot be represented as 'unsigned char', value is '264'
  (compiling source file '../template/template.cpp')
  
  imgui.cpp
  imgui_draw.cpp
  imgui_impl_glfw.cpp
  imgui_impl_opengl3.cpp
  imgui_tables.cpp
  imgui_widgets.cpp
  common.cpp
  opengl.cpp
  surface.cpp
  tmpl8math.cpp
  camera.cpp
  debug.cpp
C:\Perforce\Ayser245626\Year1\BlockC\Ray-Tracer\RayTracer\debug.cpp(58,67): warning C4244: 'argument': conversion from 'const int' to 'float', possible loss of data
  (compiling source file '/debug.cpp')
  
C:\Perforce\Ayser245626\Year1\BlockC\Ray-Tracer\RayTracer\debug.cpp(58,50): warning C4244: 'argument': conversion from 'const int' to 'float', possible loss of data
  (compiling source file '/debug.cpp')
  
C:\Perforce\Ayser245626\Year1\BlockC\Ray-Tracer\RayTracer\debug.cpp(58,33): warning C4244: 'argument': conversion from 'const int' to 'float', possible loss of data
  (compiling source file '/debug.cpp')
  
C:\Perforce\Ayser245626\Year1\BlockC\Ray-Tracer\RayTracer\debug.cpp(58,22): warning C4244: 'argument': conversion from 'const int' to 'float', possible loss of data
  (compiling source file '/debug.cpp')
  
C:\Perforce\Ayser245626\Year1\BlockC\Ray-Tracer\RayTracer\debug.cpp(59,67): warning C4244: 'argument': conversion from 'const int' to 'float', possible loss of data
  (compiling source file '/debug.cpp')
  
C:\Perforce\Ayser245626\Year1\BlockC\Ray-Tracer\RayTracer\debug.cpp(59,56): warning C4244: 'argument': conversion from 'const int' to 'float', possible loss of data
  (compiling source file '/debug.cpp')
  
C:\Perforce\Ayser245626\Year1\BlockC\Ray-Tracer\RayTracer\debug.cpp(59,45): warning C4244: 'argument': conversion from 'const int' to 'float', possible loss of data
  (compiling source file '/debug.cpp')
  
C:\Perforce\Ayser245626\Year1\BlockC\Ray-Tracer\RayTracer\debug.cpp(59,28): warning C4244: 'argument': conversion from 'const int' to 'float', possible loss of data
  (compiling source file '/debug.cpp')
  
C:\Perforce\Ayser245626\Year1\BlockC\Ray-Tracer\RayTracer\debug.cpp(70,25): warning C4244: '=': conversion from 'double' to 'int', possible loss of data
  (compiling source file '/debug.cpp')
  
C:\Perforce\Ayser245626\Year1\BlockC\Ray-Tracer\RayTracer\debug.cpp(77,41): warning C4244: 'argument': conversion from 'float' to 'const int', possible loss of data
  (compiling source file '/debug.cpp')
  
C:\Perforce\Ayser245626\Year1\BlockC\Ray-Tracer\RayTracer\debug.cpp(77,37): warning C4244: 'argument': conversion from 'const float' to 'const int', possible loss of data
  (compiling source file '/debug.cpp')
  
  files.cpp
  hitinfo.cpp
  input.cpp
  lights.cpp
  materials.cpp
  noise.cpp
  renderer.cpp
C:\Perforce\Ayser245626\Year1\BlockC\Ray-Tracer\RayTracer\renderer.cpp(19,28): warning C4838: conversion from 'int' to 'uint16_t' requires a narrowing conversion
  (compiling source file '/renderer.cpp')
  
C:\Perforce\Ayser245626\Year1\BlockC\Ray-Tracer\RayTracer\renderer.cpp(19,31): warning C4838: conversion from 'int' to 'uint16_t' requires a narrowing conversion
  (compiling source file '/renderer.cpp')
  
C:\Perforce\Ayser245626\Year1\BlockC\Ray-Tracer\RayTracer\renderer.cpp(19,34): warning C4838: conversion from 'int' to 'uint' requires a narrowing conversion
  (compiling source file '/renderer.cpp')
  
C:\Perforce\Ayser245626\Year1\BlockC\Ray-Tracer\RayTracer\renderer.cpp(712,60): warning C4244: 'argument': conversion from 'int' to 'float', possible loss of data
  (compiling source file '/renderer.cpp')
  
C:\Perforce\Ayser245626\Year1\BlockC\Ray-Tracer\RayTracer\renderer.cpp(712,31): warning C4244: 'argument': conversion from 'int' to 'float', possible loss of data
  (compiling source file '/renderer.cpp')
  
  resources.cpp
  Generating Code...
  Compiling...
  skydome.cpp
  textures.cpp
  ui.cpp
C:\Perforce\Ayser245626\Year1\BlockC\Ray-Tracer\RayTracer\ui.cpp(157,68): warning C4390: ';': empty controlled statement found; is this the intent?
  (compiling source file '/ui.cpp')
  
C:\Perforce\Ayser245626\Year1\BlockC\Ray-Tracer\RayTracer\ui.cpp(198,65): warning C4390: ';': empty controlled statement found; is this the intent?
  (compiling source file '/ui.cpp')
  
  Generating Code...
  LINK : C:\Perforce\Ayser245626\Year1\BlockC\Ray-Tracer\RayTracer\x64\Ray Tracer_debug.exe not found or not built by the last incremental link; performing full link
     Creating library C:\Perforce\Ayser245626\Year1\BlockC\Ray-Tracer\RayTracer\x64\Ray Tracer_debug.lib and object C:\Perforce\Ayser245626\Year1\BlockC\Ray-Tracer\RayTracer\x64\Ray Tracer_debug.exp
  RayTracer.vcxproj -> C:\Perforce\Ayser245626\Year1\BlockC\Ray-Tracer\RayTracer\x64\Ray Tracer_debug.exe
  'pwsh.exe' is not recognized as an internal or external command,
  operable program or batch file.
