c:\perforce\ayser245626\year1\blockc\ray-tracer\raytracer\x64\release\ray tracer.pch
c:\perforce\ayser245626\year1\blockc\ray-tracer\raytracer\x64\release\template.obj
c:\perforce\ayser245626\year1\blockc\ray-tracer\raytracer\x64\release\skydome.obj
c:\perforce\ayser245626\year1\blockc\ray-tracer\raytracer\x64\release\renderer.obj
c:\perforce\ayser245626\year1\blockc\ray-tracer\raytracer\x64\release\noise.obj
c:\perforce\ayser245626\year1\blockc\ray-tracer\raytracer\x64\release\lights.obj
c:\perforce\ayser245626\year1\blockc\ray-tracer\raytracer\x64\release\input.obj
c:\perforce\ayser245626\year1\blockc\ray-tracer\raytracer\x64\release\hitinfo.obj
c:\perforce\ayser245626\year1\blockc\ray-tracer\raytracer\x64\release\files.obj
c:\perforce\ayser245626\year1\blockc\ray-tracer\raytracer\x64\release\debug.obj
c:\perforce\ayser245626\year1\blockc\ray-tracer\raytracer\x64\release\camera.obj
c:\perforce\ayser245626\year1\blockc\ray-tracer\raytracer\x64\release\tmpl8math.obj
c:\perforce\ayser245626\year1\blockc\ray-tracer\raytracer\x64\release\surface.obj
c:\perforce\ayser245626\year1\blockc\ray-tracer\raytracer\x64\release\opengl.obj
c:\perforce\ayser245626\year1\blockc\ray-tracer\raytracer\x64\release\common.obj
c:\perforce\ayser245626\year1\blockc\ray-tracer\raytracer\x64\release\imgui_widgets.obj
c:\perforce\ayser245626\year1\blockc\ray-tracer\raytracer\x64\release\imgui_tables.obj
c:\perforce\ayser245626\year1\blockc\ray-tracer\raytracer\x64\release\imgui_impl_opengl3.obj
c:\perforce\ayser245626\year1\blockc\ray-tracer\raytracer\x64\release\imgui_impl_glfw.obj
c:\perforce\ayser245626\year1\blockc\ray-tracer\raytracer\x64\release\imgui_draw.obj
c:\perforce\ayser245626\year1\blockc\ray-tracer\raytracer\x64\release\imgui.obj
c:\perforce\ayser245626\year1\blockc\ray-tracer\raytracer\x64\release\ui.obj
c:\perforce\ayser245626\year1\blockc\ray-tracer\raytracer\x64\release\textures.obj
c:\perforce\ayser245626\year1\blockc\ray-tracer\raytracer\x64\release\raytracer.vcxproj.filelistabsolute.txt
c:\perforce\ayser245626\year1\blockc\ray-tracer\raytracer\x64\release\ray tracer.tlog\cl.command.1.tlog
c:\perforce\ayser245626\year1\blockc\ray-tracer\raytracer\x64\release\ray tracer.tlog\cl.read.1.tlog
c:\perforce\ayser245626\year1\blockc\ray-tracer\raytracer\x64\release\ray tracer.tlog\cl.write.1.tlog
