  template.cpp
C:\Perforce\Ayser245626\Year1\BlockC\Ray-Tracer\template\common.h(33,2): warning C4309: 'initializing': truncation of constant value
  (compiling source file '../template/template.cpp')
  
C:\Perforce\Ayser245626\Year1\BlockC\Ray-Tracer\template\common.h(33,2): warning C4369: 'CONTROLS_LOOK_RIGHT':  enumerator value '262' cannot be represented as 'unsigned char', value is '262'
  (compiling source file '../template/template.cpp')
  
C:\Perforce\Ayser245626\Year1\BlockC\Ray-Tracer\template\common.h(34,2): warning C4309: 'initializing': truncation of constant value
  (compiling source file '../template/template.cpp')
  
C:\Perforce\Ayser245626\Year1\BlockC\Ray-Tracer\template\common.h(34,2): warning C4369: 'CONTROLS_LOOK_UP':  enumerator value '265' cannot be represented as 'unsigned char', value is '265'
  (compiling source file '../template/template.cpp')
  
C:\Perforce\Ayser245626\Year1\BlockC\Ray-Tracer\template\common.h(35,2): warning C4309: 'initializing': truncation of constant value
  (compiling source file '../template/template.cpp')
  
C:\Perforce\Ayser245626\Year1\BlockC\Ray-Tracer\template\common.h(35,2): warning C4369: 'CONTROLS_LOOK_LEFT':  enumerator value '263' cannot be represented as 'unsigned char', value is '263'
  (compiling source file '../template/template.cpp')
  
C:\Perforce\Ayser245626\Year1\BlockC\Ray-Tracer\template\common.h(36,2): warning C4309: 'initializing': truncation of constant value
  (compiling source file '../template/template.cpp')
  
C:\Perforce\Ayser245626\Year1\BlockC\Ray-Tracer\template\common.h(36,2): warning C4369: 'CONTROLS_LOOK_DOWN':  enumerator value '264' cannot be represented as 'unsigned char', value is '264'
  (compiling source file '../template/template.cpp')
  
  imgui.cpp
  imgui_draw.cpp
  imgui_impl_glfw.cpp
  imgui_impl_opengl3.cpp
  imgui_tables.cpp
  imgui_widgets.cpp
  common.cpp
  opengl.cpp
  surface.cpp
  tmpl8math.cpp
  camera.cpp
  debug.cpp
C:\Perforce\Ayser245626\Year1\BlockC\Ray-Tracer\RayTracer\debug.cpp(60,67): warning C4244: 'argument': conversion from 'const int' to 'float', possible loss of data
  (compiling source file '/debug.cpp')
  
C:\Perforce\Ayser245626\Year1\BlockC\Ray-Tracer\RayTracer\debug.cpp(60,50): warning C4244: 'argument': conversion from 'const int' to 'float', possible loss of data
  (compiling source file '/debug.cpp')
  
C:\Perforce\Ayser245626\Year1\BlockC\Ray-Tracer\RayTracer\debug.cpp(60,33): warning C4244: 'argument': conversion from 'const int' to 'float', possible loss of data
  (compiling source file '/debug.cpp')
  
C:\Perforce\Ayser245626\Year1\BlockC\Ray-Tracer\RayTracer\debug.cpp(60,22): warning C4244: 'argument': conversion from 'const int' to 'float', possible loss of data
  (compiling source file '/debug.cpp')
  
C:\Perforce\Ayser245626\Year1\BlockC\Ray-Tracer\RayTracer\debug.cpp(61,67): warning C4244: 'argument': conversion from 'const int' to 'float', possible loss of data
  (compiling source file '/debug.cpp')
  
C:\Perforce\Ayser245626\Year1\BlockC\Ray-Tracer\RayTracer\debug.cpp(61,56): warning C4244: 'argument': conversion from 'const int' to 'float', possible loss of data
  (compiling source file '/debug.cpp')
  
C:\Perforce\Ayser245626\Year1\BlockC\Ray-Tracer\RayTracer\debug.cpp(61,45): warning C4244: 'argument': conversion from 'const int' to 'float', possible loss of data
  (compiling source file '/debug.cpp')
  
C:\Perforce\Ayser245626\Year1\BlockC\Ray-Tracer\RayTracer\debug.cpp(61,28): warning C4244: 'argument': conversion from 'const int' to 'float', possible loss of data
  (compiling source file '/debug.cpp')
  
C:\Perforce\Ayser245626\Year1\BlockC\Ray-Tracer\RayTracer\debug.cpp(72,25): warning C4244: '=': conversion from 'double' to 'int', possible loss of data
  (compiling source file '/debug.cpp')
  
C:\Perforce\Ayser245626\Year1\BlockC\Ray-Tracer\RayTracer\debug.cpp(79,41): warning C4244: 'argument': conversion from 'float' to 'const int', possible loss of data
  (compiling source file '/debug.cpp')
  
C:\Perforce\Ayser245626\Year1\BlockC\Ray-Tracer\RayTracer\debug.cpp(79,37): warning C4244: 'argument': conversion from 'const float' to 'const int', possible loss of data
  (compiling source file '/debug.cpp')
  
  input.cpp
  lights.cpp
  materials.cpp
  renderer.cpp
C:\Perforce\Ayser245626\Year1\BlockC\Ray-Tracer\RayTracer\renderer.cpp(351,60): warning C4244: 'argument': conversion from 'int' to 'float', possible loss of data
  (compiling source file '/renderer.cpp')
  
C:\Perforce\Ayser245626\Year1\BlockC\Ray-Tracer\RayTracer\renderer.cpp(351,31): warning C4244: 'argument': conversion from 'int' to 'float', possible loss of data
  (compiling source file '/renderer.cpp')
  
  skydome.cpp
  textures.cpp
  ui.cpp
  Generating Code...
     Creating library C:\Perforce\Ayser245626\Year1\BlockC\Ray-Tracer\RayTracer\x64\Ray Tracer.lib and object C:\Perforce\Ayser245626\Year1\BlockC\Ray-Tracer\RayTracer\x64\Ray Tracer.exp
  RayTracer.vcxproj -> C:\Perforce\Ayser245626\Year1\BlockC\Ray-Tracer\RayTracer\x64\Ray Tracer.exe
  'pwsh.exe' is not recognized as an internal or external command,
  operable program or batch file.
